<?xml version="1.0" encoding="UTF-8"?>
<testng-results ignored="0" total="1" passed="1" failed="0" skipped="0">
  <reporter-output>
  </reporter-output>
  <suite started-at="2021-11-30T21:07:15 EST" name="Default suite" finished-at="2021-11-30T21:07:20 EST" duration-ms="5138">
    <groups>
    </groups>
    <test started-at="2021-11-30T21:07:15 EST" name="Default test" finished-at="2021-11-30T21:07:20 EST" duration-ms="5138">
      <class name="com.neotech.lesson1.Homework">
        <test-method is-config="true" signature="openBrowser()[pri:0, instance:com.neotech.lesson1.Homework@5fd4f8f5]" started-at="2021-11-30T21:07:15 EST" name="openBrowser" finished-at="2021-11-30T21:07:19 EST" duration-ms="3767" status="PASS">
          <reporter-output>
          </reporter-output>
        </test-method> <!-- openBrowser -->
        <test-method signature="validUsername()[pri:0, instance:com.neotech.lesson1.Homework@5fd4f8f5]" started-at="2021-11-30T21:07:19 EST" name="validUsername" finished-at="2021-11-30T21:07:19 EST" duration-ms="480" status="PASS">
          <reporter-output>
          </reporter-output>
        </test-method> <!-- validUsername -->
        <test-method is-config="true" signature="quiteBrowser()[pri:0, instance:com.neotech.lesson1.Homework@5fd4f8f5]" started-at="2021-11-30T21:07:19 EST" name="quiteBrowser" finished-at="2021-11-30T21:07:20 EST" duration-ms="845" status="PASS">
          <reporter-output>
          </reporter-output>
        </test-method> <!-- quiteBrowser -->
      </class> <!-- com.neotech.lesson1.Homework -->
    </test> <!-- Default test -->
  </suite> <!-- Default suite -->
</testng-results>
